Determining if the pthread_create exist failed with the following output:
Change Dir: /home/roberto/Documents/Unige/2°year/Experimental/ros1/build/CMakeFiles/CMakeTmp

Run Build Command:"/usr/bin/make" "cmTC_40267/fast"
/usr/bin/make -f CMakeFiles/cmTC_40267.dir/build.make CMakeFiles/cmTC_40267.dir/build
make[1]: Entering directory '/home/roberto/Documents/Unige/2°year/Experimental/ros1/build/CMakeFiles/CMakeTmp'
Building C object CMakeFiles/cmTC_40267.dir/CheckSymbolExists.c.o
/usr/bin/cc     -o CMakeFiles/cmTC_40267.dir/CheckSymbolExists.c.o   -c /home/roberto/Documents/Unige/2°year/Experimental/ros1/build/CMakeFiles/CMakeTmp/CheckSymbolExists.c
Linking C executable cmTC_40267
/usr/bin/cmake -E cmake_link_script CMakeFiles/cmTC_40267.dir/link.txt --verbose=1
/usr/bin/cc       CMakeFiles/cmTC_40267.dir/CheckSymbolExists.c.o  -o cmTC_40267 -rdynamic 
CMakeFiles/cmTC_40267.dir/CheckSymbolExists.c.o: In function `main':
CheckSymbolExists.c:(.text+0x16): undefined reference to `pthread_create'
collect2: error: ld returned 1 exit status
CMakeFiles/cmTC_40267.dir/build.make:97: recipe for target 'cmTC_40267' failed
make[1]: *** [cmTC_40267] Error 1
make[1]: Leaving directory '/home/roberto/Documents/Unige/2°year/Experimental/ros1/build/CMakeFiles/CMakeTmp'
Makefile:126: recipe for target 'cmTC_40267/fast' failed
make: *** [cmTC_40267/fast] Error 2

File /home/roberto/Documents/Unige/2°year/Experimental/ros1/build/CMakeFiles/CMakeTmp/CheckSymbolExists.c:
/* */
#include <pthread.h>

int main(int argc, char** argv)
{
  (void)argv;
#ifndef pthread_create
  return ((int*)(&pthread_create))[argc];
#else
  (void)argc;
  return 0;
#endif
}

Determining if the function pthread_create exists in the pthreads failed with the following output:
Change Dir: /home/roberto/Documents/Unige/2°year/Experimental/ros1/build/CMakeFiles/CMakeTmp

Run Build Command:"/usr/bin/make" "cmTC_e4995/fast"
/usr/bin/make -f CMakeFiles/cmTC_e4995.dir/build.make CMakeFiles/cmTC_e4995.dir/build
make[1]: Entering directory '/home/roberto/Documents/Unige/2°year/Experimental/ros1/build/CMakeFiles/CMakeTmp'
Building C object CMakeFiles/cmTC_e4995.dir/CheckFunctionExists.c.o
/usr/bin/cc    -DCHECK_FUNCTION_EXISTS=pthread_create   -o CMakeFiles/cmTC_e4995.dir/CheckFunctionExists.c.o   -c /usr/share/cmake-3.5/Modules/CheckFunctionExists.c
Linking C executable cmTC_e4995
/usr/bin/cmake -E cmake_link_script CMakeFiles/cmTC_e4995.dir/link.txt --verbose=1
/usr/bin/cc   -DCHECK_FUNCTION_EXISTS=pthread_create    CMakeFiles/cmTC_e4995.dir/CheckFunctionExists.c.o  -o cmTC_e4995 -rdynamic -lpthreads 
/usr/bin/ld: cannot find -lpthreads
collect2: error: ld returned 1 exit status
CMakeFiles/cmTC_e4995.dir/build.make:97: recipe for target 'cmTC_e4995' failed
make[1]: *** [cmTC_e4995] Error 1
make[1]: Leaving directory '/home/roberto/Documents/Unige/2°year/Experimental/ros1/build/CMakeFiles/CMakeTmp'
Makefile:126: recipe for target 'cmTC_e4995/fast' failed
make: *** [cmTC_e4995/fast] Error 2


